Build started 11/2/2564 14:25:27.
     1>Project "E:\C++ 2\2.1\test\HW5\HW5\HW5.vcxproj" on node 2 (build target(s)).
     1>PrepareForBuild:
         Creating directory "E:\C++ 2\2.1\test\HW5\Debug\".
       InitializeBuildStatus:
         Creating "Debug\HW5.unsuccessfulbuild" because "AlwaysCreate" was specified.
       ClCompile:
         C:\Program Files (x86)\Microsoft Visual Studio 10.0\VC\bin\CL.exe /c /ZI /nologo /W3 /WX- /Od /Oy- /D WIN32 /D _DEBUG /D _CONSOLE /D _UNICODE /D UNICODE /Gm /EHsc /RTC1 /MDd /GS /fp:precise /Zc:wchar_t /Zc:forScope /Fo"Debug\\" /Fd"Debug\vc100.pdb" /Gd /TP /analyze- /errorReport:prompt HW5.cpp
         HW5.cpp
       ManifestResourceCompile:
         C:\Program Files (x86)\Microsoft SDKs\Windows\v7.0A\bin\rc.exe /nologo /fo"Debug\HW5.exe.embed.manifest.res" Debug\HW5_manifest.rc 
       Link:
         C:\Program Files (x86)\Microsoft Visual Studio 10.0\VC\bin\link.exe /ERRORREPORT:PROMPT /OUT:"E:\C++ 2\2.1\test\HW5\Debug\HW5.exe" /INCREMENTAL /NOLOGO kernel32.lib user32.lib gdi32.lib winspool.lib comdlg32.lib advapi32.lib shell32.lib ole32.lib oleaut32.lib uuid.lib odbc32.lib odbccp32.lib /MANIFEST /ManifestFile:"Debug\HW5.exe.intermediate.manifest" /MANIFESTUAC:"level='asInvoker' uiAccess='false'" /DEBUG /PDB:"E:\C++ 2\2.1\test\HW5\Debug\HW5.pdb" /SUBSYSTEM:CONSOLE /TLBID:1 /DYNAMICBASE /NXCOMPAT /IMPLIB:"E:\C++ 2\2.1\test\HW5\Debug\HW5.lib" /MACHINE:X86 Debug\HW5.exe.embed.manifest.res
         Debug\HW5.obj
       Manifest:
         C:\Program Files (x86)\Microsoft SDKs\Windows\v7.0A\bin\mt.exe /nologo /verbose /out:"Debug\HW5.exe.embed.manifest" /manifest Debug\HW5.exe.intermediate.manifest
         C:\Program Files (x86)\Microsoft SDKs\Windows\v7.0A\bin\rc.exe /nologo /fo"Debug\HW5.exe.embed.manifest.res" Debug\HW5_manifest.rc 
       LinkEmbedManifest:
         C:\Program Files (x86)\Microsoft Visual Studio 10.0\VC\bin\link.exe /ERRORREPORT:PROMPT /OUT:"E:\C++ 2\2.1\test\HW5\Debug\HW5.exe" /INCREMENTAL /NOLOGO kernel32.lib user32.lib gdi32.lib winspool.lib comdlg32.lib advapi32.lib shell32.lib ole32.lib oleaut32.lib uuid.lib odbc32.lib odbccp32.lib /MANIFEST /ManifestFile:"Debug\HW5.exe.intermediate.manifest" /MANIFESTUAC:"level='asInvoker' uiAccess='false'" /DEBUG /PDB:"E:\C++ 2\2.1\test\HW5\Debug\HW5.pdb" /SUBSYSTEM:CONSOLE /TLBID:1 /DYNAMICBASE /NXCOMPAT /IMPLIB:"E:\C++ 2\2.1\test\HW5\Debug\HW5.lib" /MACHINE:X86 Debug\HW5.exe.embed.manifest.res
         Debug\HW5.obj
         HW5.vcxproj -> E:\C++ 2\2.1\test\HW5\Debug\HW5.exe
       FinalizeBuildStatus:
         Deleting file "Debug\HW5.unsuccessfulbuild".
         Touching "Debug\HW5.lastbuildstate".
     1>Done Building Project "E:\C++ 2\2.1\test\HW5\HW5\HW5.vcxproj" (build target(s)).

Build succeeded.

Time Elapsed 00:00:04.00
